<html>
<head>
<title>TestNG:  Default test</title>
<link href="../testng.css" rel="stylesheet" type="text/css" />
<link href="../my-testng.css" rel="stylesheet" type="text/css" />

<style type="text/css">
.log { display: none;} 
.stack-trace { display: none;} 
</style>
<script type="text/javascript">
<!--
function flip(e) {
  current = e.style.display;
  if (current == 'block') {
    e.style.display = 'none';
    return 0;
  }
  else {
    e.style.display = 'block';
    return 1;
  }
}

function toggleBox(szDivId, elem, msg1, msg2)
{
  var res = -1;  if (document.getElementById) {
    res = flip(document.getElementById(szDivId));
  }
  else if (document.all) {
    // this is the way old msie versions work
    res = flip(document.all[szDivId]);
  }
  if(elem) {
    if(res == 0) elem.innerHTML = msg1; else elem.innerHTML = msg2;
  }

}

function toggleAllBoxes() {
  if (document.getElementsByTagName) {
    d = document.getElementsByTagName('div');
    for (i = 0; i < d.length; i++) {
      if (d[i].className == 'log') {
        flip(d[i]);
      }
    }
  }
}

// -->
</script>

</head>
<body>
<h2 align='center'>Default test</h2><table border='1' align="center">
<tr>
<td>Tests passed/Failed/Skipped:</td><td>4/5/0</td>
</tr><tr>
<td>Started on:</td><td>Mon Jan 13 09:24:08 AEDT 2025</td>
</tr>
<tr><td>Total time:</td><td>42 seconds (42933 ms)</td>
</tr><tr>
<td>Included groups:</td><td></td>
</tr><tr>
<td>Excluded groups:</td><td></td>
</tr>
</table><p/>
<small><i>(Hover the method name to see the test class name)</i></small><p/>
<table width='100%' border='1' class='invocation-failed'>
<tr><td colspan='4' align='center'><b>FAILED TESTS</b></td></tr>
<tr><td><b>Test method</b></td>
<td><b>Attribute(s)</b></td>
<td width="30%"><b>Exception</b></td>
<td width="10%"><b>Time (seconds)</b></td>
<td><b>Instance</b></td>
</tr>
<tr>
<td title='cucumberOptions.FailedTestRunner.runScenario()'><b>runScenario</b><br>Test class: cucumberOptions.FailedTestRunner<br>Test method: Runs Cucumber Scenarios<br>Parameters: "User sees the Check In Date", "Search Hotel Page functionality"</td>
<td><div><pre>java.lang.AssertionError: Check In Date is not correct expected [13/01/2025] but found [12/01/2025]
	at org.testng.Assert.fail(Assert.java:111)
	at org.testng.Assert.failNotEquals(Assert.java:1578)
	at org.testng.Assert.assertEqualsImpl(Assert.java:150)
	at org.testng.Assert.assertEquals(Assert.java:132)
	at org.testng.Assert.assertEquals(Assert.java:656)
	at stepDefinitions.SearchHotelSteps.the_user_should_see_the_default_value_in_the_check_in_date_field_as_todays_date_in_search_hotel_page(SearchHotelSteps.java:295)
	at ✽.the user should see the default value in the Check In Date field as todays date in search hotel page(file:///C:/Users/srava/git/repository2/Adactin_CucumberFramework/src/test/java/features/SearchHotel.feature:48)
</pre></div><a href='#' onClick='toggleBox("stack-trace849174461", this, "Click to show all stack frames", "Click to hide stack frames")'>Click to show all stack frames</a>
<div class='stack-trace' id='stack-trace849174461'><pre>java.lang.AssertionError: Check In Date is not correct expected [13/01/2025] but found [12/01/2025]
	at org.testng.Assert.fail(Assert.java:111)
	at org.testng.Assert.failNotEquals(Assert.java:1578)
	at org.testng.Assert.assertEqualsImpl(Assert.java:150)
	at org.testng.Assert.assertEquals(Assert.java:132)
	at org.testng.Assert.assertEquals(Assert.java:656)
	at stepDefinitions.SearchHotelSteps.the_user_should_see_the_default_value_in_the_check_in_date_field_as_todays_date_in_search_hotel_page(SearchHotelSteps.java:295)
	at ✽.the user should see the default value in the Check In Date field as todays date in search hotel page(file:///C:/Users/srava/git/repository2/Adactin_CucumberFramework/src/test/java/features/SearchHotel.feature:48)
</pre></div></td>
<td>16</td>
<td>cucumberOptions.FailedTestRunner@740fb309</td></tr>
<tr>
<td title='cucumberOptions.FailedTestRunner.runScenario()'><b>runScenario</b><br>Test class: cucumberOptions.FailedTestRunner<br>Test method: Runs Cucumber Scenarios<br>Parameters: "User sees the fields with pre-filled data", "Book A Hotel Page functionality"</td>
<td><div><pre>java.lang.AssertionError: expected [null] but found [4]
	at org.testng.Assert.fail(Assert.java:111)
	at org.testng.Assert.failNotEquals(Assert.java:1578)
	at org.testng.Assert.assertEqualsImpl(Assert.java:150)
	at org.testng.Assert.assertEquals(Assert.java:132)
	at org.testng.Assert.assertEquals(Assert.java:656)
	at org.testng.Assert.assertEquals(Assert.java:666)
	at stepDefinitions.BookHotelSteps.the_user_should_see_total_days_in_the_book_hotel_page_is_same_as_the_no_of_days_in_the_select_hotel_page(BookHotelSteps.java:227)
	at ✽.the user should see total days in the Book hotel page is same as the no of days in the Select Hotel page(file:///C:/Users/srava/git/repository2/Adactin_CucumberFramework/src/test/java/features/BookHotel.feature:45)
</pre></div><a href='#' onClick='toggleBox("stack-trace1938858608", this, "Click to show all stack frames", "Click to hide stack frames")'>Click to show all stack frames</a>
<div class='stack-trace' id='stack-trace1938858608'><pre>java.lang.AssertionError: expected [null] but found [4]
	at org.testng.Assert.fail(Assert.java:111)
	at org.testng.Assert.failNotEquals(Assert.java:1578)
	at org.testng.Assert.assertEqualsImpl(Assert.java:150)
	at org.testng.Assert.assertEquals(Assert.java:132)
	at org.testng.Assert.assertEquals(Assert.java:656)
	at org.testng.Assert.assertEquals(Assert.java:666)
	at stepDefinitions.BookHotelSteps.the_user_should_see_total_days_in_the_book_hotel_page_is_same_as_the_no_of_days_in_the_select_hotel_page(BookHotelSteps.java:227)
	at ✽.the user should see total days in the Book hotel page is same as the no of days in the Select Hotel page(file:///C:/Users/srava/git/repository2/Adactin_CucumberFramework/src/test/java/features/BookHotel.feature:45)
</pre></div></td>
<td>24</td>
<td>cucumberOptions.FailedTestRunner@740fb309</td></tr>
<tr>
<td title='cucumberOptions.FailedTestRunner.runScenario()'><b>runScenario</b><br>Test class: cucumberOptions.FailedTestRunner<br>Test method: Runs Cucumber Scenarios<br>Parameters: "Verify the Reset button resets all fields to their default values", "Search Hotel Page functionality"</td>
<td><div><pre>java.lang.AssertionError: expected [13/01/2025] but found [12/01/2025]
	at org.testng.Assert.fail(Assert.java:111)
	at org.testng.Assert.failNotEquals(Assert.java:1578)
	at org.testng.Assert.assertEqualsImpl(Assert.java:150)
	at org.testng.Assert.assertEquals(Assert.java:132)
	at org.testng.Assert.assertEquals(Assert.java:656)
	at org.testng.Assert.assertEquals(Assert.java:666)
	at stepDefinitions.SearchHotelSteps.all_the_fields_should_be_reset_to_their_default_values_in_search_hotel_page(SearchHotelSteps.java:375)
	at ✽.all the fields should be reset to their default values in search hotel page(file:///C:/Users/srava/git/repository2/Adactin_CucumberFramework/src/test/java/features/SearchHotel.feature:69)
</pre></div><a href='#' onClick='toggleBox("stack-trace507727446", this, "Click to show all stack frames", "Click to hide stack frames")'>Click to show all stack frames</a>
<div class='stack-trace' id='stack-trace507727446'><pre>java.lang.AssertionError: expected [13/01/2025] but found [12/01/2025]
	at org.testng.Assert.fail(Assert.java:111)
	at org.testng.Assert.failNotEquals(Assert.java:1578)
	at org.testng.Assert.assertEqualsImpl(Assert.java:150)
	at org.testng.Assert.assertEquals(Assert.java:132)
	at org.testng.Assert.assertEquals(Assert.java:656)
	at org.testng.Assert.assertEquals(Assert.java:666)
	at stepDefinitions.SearchHotelSteps.all_the_fields_should_be_reset_to_their_default_values_in_search_hotel_page(SearchHotelSteps.java:375)
	at ✽.all the fields should be reset to their default values in search hotel page(file:///C:/Users/srava/git/repository2/Adactin_CucumberFramework/src/test/java/features/SearchHotel.feature:69)
</pre></div></td>
<td>20</td>
<td>cucumberOptions.FailedTestRunner@740fb309</td></tr>
<tr>
<td title='cucumberOptions.FailedTestRunner.runScenario()'><b>runScenario</b><br>Test class: cucumberOptions.FailedTestRunner<br>Test method: Runs Cucumber Scenarios<br>Parameters: "User sees the Check In Date", "Search Hotel Page functionality"</td>
<td><div><pre>java.lang.AssertionError: Check Out Date is not correct expected [14/01/2025] but found [13/01/2025]
	at org.testng.Assert.fail(Assert.java:111)
	at org.testng.Assert.failNotEquals(Assert.java:1578)
	at org.testng.Assert.assertEqualsImpl(Assert.java:150)
	at org.testng.Assert.assertEquals(Assert.java:132)
	at org.testng.Assert.assertEquals(Assert.java:656)
	at stepDefinitions.SearchHotelSteps.the_user_should_see_the_default_value_in_the_check_out_date_field_as_tomorrows_date_in_search_hotel_page(SearchHotelSteps.java:303)
	at ✽.the user should see the default value in the Check Out Date field as tomorrows date in search hotel page(file:///C:/Users/srava/git/repository2/Adactin_CucumberFramework/src/test/java/features/SearchHotel.feature:51)
</pre></div><a href='#' onClick='toggleBox("stack-trace697822363", this, "Click to show all stack frames", "Click to hide stack frames")'>Click to show all stack frames</a>
<div class='stack-trace' id='stack-trace697822363'><pre>java.lang.AssertionError: Check Out Date is not correct expected [14/01/2025] but found [13/01/2025]
	at org.testng.Assert.fail(Assert.java:111)
	at org.testng.Assert.failNotEquals(Assert.java:1578)
	at org.testng.Assert.assertEqualsImpl(Assert.java:150)
	at org.testng.Assert.assertEquals(Assert.java:132)
	at org.testng.Assert.assertEquals(Assert.java:656)
	at stepDefinitions.SearchHotelSteps.the_user_should_see_the_default_value_in_the_check_out_date_field_as_tomorrows_date_in_search_hotel_page(SearchHotelSteps.java:303)
	at ✽.the user should see the default value in the Check Out Date field as tomorrows date in search hotel page(file:///C:/Users/srava/git/repository2/Adactin_CucumberFramework/src/test/java/features/SearchHotel.feature:51)
</pre></div></td>
<td>17</td>
<td>cucumberOptions.FailedTestRunner@740fb309</td></tr>
<tr>
<td title='cucumberOptions.FailedTestRunner.runScenario()'><b>runScenario</b><br>Test class: cucumberOptions.FailedTestRunner<br>Test method: Runs Cucumber Scenarios<br>Parameters: "User sees the fields with pre-filled data", "Book Confirmation Page functionality"</td>
<td><div><pre>java.lang.AssertionError: expected [null] but found [AUD $ 125]
	at org.testng.Assert.fail(Assert.java:111)
	at org.testng.Assert.failNotEquals(Assert.java:1578)
	at org.testng.Assert.assertEqualsImpl(Assert.java:150)
	at org.testng.Assert.assertEquals(Assert.java:132)
	at org.testng.Assert.assertEquals(Assert.java:656)
	at org.testng.Assert.assertEquals(Assert.java:666)
	at stepDefinitions.BookingConfirmationSteps.the_user_should_see_price_per_night_in_the_booking_confirmation_page_is_same_as_the_price_per_night_in_the_book_hotel_page(BookingConfirmationSteps.java:95)
	at ✽.the user should see price per night in the Booking Confirmation page is same as the price per night in the Book Hotel page(file:///C:/Users/srava/git/repository2/Adactin_CucumberFramework/src/test/java/features/BookingConfirmation.feature:57)
</pre></div><a href='#' onClick='toggleBox("stack-trace1499885961", this, "Click to show all stack frames", "Click to hide stack frames")'>Click to show all stack frames</a>
<div class='stack-trace' id='stack-trace1499885961'><pre>java.lang.AssertionError: expected [null] but found [AUD $ 125]
	at org.testng.Assert.fail(Assert.java:111)
	at org.testng.Assert.failNotEquals(Assert.java:1578)
	at org.testng.Assert.assertEqualsImpl(Assert.java:150)
	at org.testng.Assert.assertEquals(Assert.java:132)
	at org.testng.Assert.assertEquals(Assert.java:656)
	at org.testng.Assert.assertEquals(Assert.java:666)
	at stepDefinitions.BookingConfirmationSteps.the_user_should_see_price_per_night_in_the_booking_confirmation_page_is_same_as_the_price_per_night_in_the_book_hotel_page(BookingConfirmationSteps.java:95)
	at ✽.the user should see price per night in the Booking Confirmation page is same as the price per night in the Book Hotel page(file:///C:/Users/srava/git/repository2/Adactin_CucumberFramework/src/test/java/features/BookingConfirmation.feature:57)
</pre></div></td>
<td>32</td>
<td>cucumberOptions.FailedTestRunner@740fb309</td></tr>
</table><p>
<table width='100%' border='1' class='invocation-passed'>
<tr><td colspan='4' align='center'><b>PASSED TESTS</b></td></tr>
<tr><td><b>Test method</b></td>
<td><b>Attribute(s)</b></td>
<td width="30%"><b>Exception</b></td>
<td width="10%"><b>Time (seconds)</b></td>
<td><b>Instance</b></td>
</tr>
<tr>
<td title='cucumberOptions.FailedTestRunner.runScenario()'><b>runScenario</b><br>Test class: cucumberOptions.FailedTestRunner<br>Test method: Runs Cucumber Scenarios<br>Parameters: "User clicks on Number of Rooms dropdown", "Search Hotel Page functionality"</td>
<td></td>
<td>16</td>
<td>cucumberOptions.FailedTestRunner@740fb309</td></tr>
<tr>
<td title='cucumberOptions.FailedTestRunner.runScenario()'><b>runScenario</b><br>Test class: cucumberOptions.FailedTestRunner<br>Test method: Runs Cucumber Scenarios<br>Parameters: "User clicks on "Booked Itinerary" link", "Search Hotel Page functionality"</td>
<td></td>
<td>16</td>
<td>cucumberOptions.FailedTestRunner@740fb309</td></tr>
<tr>
<td title='cucumberOptions.FailedTestRunner.runScenario()'><b>runScenario</b><br>Test class: cucumberOptions.FailedTestRunner<br>Test method: Runs Cucumber Scenarios<br>Parameters: "User sees all the column names", "Select Hotel Page functionality"</td>
<td></td>
<td>22</td>
<td>cucumberOptions.FailedTestRunner@740fb309</td></tr>
<tr>
<td title='cucumberOptions.FailedTestRunner.runScenario()'><b>runScenario</b><br>Test class: cucumberOptions.FailedTestRunner<br>Test method: Runs Cucumber Scenarios<br>Parameters: "User sees all the fields", "Book Confirmation Page functionality"</td>
<td></td>
<td>32</td>
<td>cucumberOptions.FailedTestRunner@740fb309</td></tr>
</table><p>
</body>
</html>