<?xml version="1.0" encoding="UTF-8"?>
<!-- Generated by org.testng.reporters.JUnitReportReporter -->
<testsuite hostname="LAPTOP-B3BO35C9" failures="3" tests="68" name="cucumberOptions.TestNGTestRunner" time="1178.178" errors="1" timestamp="2025-01-10T15:41:46 AEDT" skipped="0">
  <testcase classname="cucumberOptions.TestNGTestRunner" name="runScenario" time="13.582"/>
  <testcase classname="cucumberOptions.TestNGTestRunner" name="runScenario" time="9.603"/>
  <testcase classname="cucumberOptions.TestNGTestRunner" name="runScenario" time="17.145"/>
  <testcase classname="cucumberOptions.TestNGTestRunner" name="runScenario" time="31.600"/>
  <testcase classname="cucumberOptions.TestNGTestRunner" name="runScenario" time="27.937"/>
  <testcase classname="cucumberOptions.TestNGTestRunner" name="runScenario" time="10.255"/>
  <testcase classname="cucumberOptions.TestNGTestRunner" name="runScenario" time="15.073"/>
  <testcase classname="cucumberOptions.TestNGTestRunner" name="runScenario" time="9.269"/>
  <testcase classname="cucumberOptions.TestNGTestRunner" name="runScenario" time="9.704"/>
  <testcase classname="cucumberOptions.TestNGTestRunner" name="runScenario" time="15.800"/>
  <testcase classname="cucumberOptions.TestNGTestRunner" name="runScenario" time="23.313"/>
  <testcase classname="cucumberOptions.TestNGTestRunner" name="runScenario" time="31.894"/>
  <testcase classname="cucumberOptions.TestNGTestRunner" name="runScenario" time="6.872"/>
  <testcase classname="cucumberOptions.TestNGTestRunner" name="runScenario" time="14.412"/>
  <testcase classname="cucumberOptions.TestNGTestRunner" name="runScenario" time="17.464"/>
  <testcase classname="cucumberOptions.TestNGTestRunner" name="runScenario" time="25.188"/>
  <testcase classname="cucumberOptions.TestNGTestRunner" name="runScenario" time="13.967"/>
  <testcase classname="cucumberOptions.TestNGTestRunner" name="runScenario" time="24.643"/>
  <testcase classname="cucumberOptions.TestNGTestRunner" name="runScenario" time="18.949">
    <failure message="expected [true] but found [false]" type="java.lang.AssertionError">
      <![CDATA[java.lang.AssertionError: expected [true] but found [false]
at org.testng.Assert.fail(Assert.java:111)
at org.testng.Assert.failNotEquals(Assert.java:1578)
at org.testng.Assert.assertTrue(Assert.java:57)
at org.testng.Assert.assertTrue(Assert.java:67)
at stepDefinitions.BookedItinerarySteps.all_checkboxes_should_be_selected(BookedItinerarySteps.java:197)
at ✽.all checkboxes should be selected(file:///C:/Users/srava/git/repository2/Adactin_CucumberFramework/src/test/java/features/BookedItinerary.feature:58)
]]>
    </failure>
  </testcase> <!-- runScenario -->
  <testcase classname="cucumberOptions.TestNGTestRunner" name="runScenario" time="13.575"/>
  <testcase classname="cucumberOptions.TestNGTestRunner" name="runScenario" time="31.839"/>
  <testcase classname="cucumberOptions.TestNGTestRunner" name="runScenario" time="19.557"/>
  <testcase classname="cucumberOptions.TestNGTestRunner" name="runScenario" time="13.156"/>
  <testcase classname="cucumberOptions.TestNGTestRunner" name="runScenario" time="10.612"/>
  <testcase classname="cucumberOptions.TestNGTestRunner" name="runScenario" time="11.140"/>
  <testcase classname="cucumberOptions.TestNGTestRunner" name="runScenario" time="19.938"/>
  <testcase classname="cucumberOptions.TestNGTestRunner" name="runScenario" time="9.712"/>
  <testcase classname="cucumberOptions.TestNGTestRunner" name="runScenario" time="19.340"/>
  <testcase classname="cucumberOptions.TestNGTestRunner" name="runScenario" time="26.359"/>
  <testcase classname="cucumberOptions.TestNGTestRunner" name="runScenario" time="16.654"/>
  <testcase classname="cucumberOptions.TestNGTestRunner" name="runScenario" time="15.099"/>
  <testcase classname="cucumberOptions.TestNGTestRunner" name="runScenario" time="11.882"/>
  <testcase classname="cucumberOptions.TestNGTestRunner" name="runScenario" time="8.636"/>
  <testcase classname="cucumberOptions.TestNGTestRunner" name="runScenario" time="24.093"/>
  <testcase classname="cucumberOptions.TestNGTestRunner" name="runScenario" time="9.616"/>
  <testcase classname="cucumberOptions.TestNGTestRunner" name="runScenario" time="8.895"/>
  <testcase classname="cucumberOptions.TestNGTestRunner" name="runScenario" time="19.325"/>
  <testcase classname="cucumberOptions.TestNGTestRunner" name="runScenario" time="18.232"/>
  <testcase classname="cucumberOptions.TestNGTestRunner" name="runScenario" time="12.482"/>
  <testcase classname="cucumberOptions.TestNGTestRunner" name="runScenario" time="19.111"/>
  <testcase classname="cucumberOptions.TestNGTestRunner" name="runScenario" time="23.760">
    <failure message="expected [null] but found [4 Day(s)]" type="java.lang.AssertionError">
      <![CDATA[java.lang.AssertionError: expected [null] but found [4 Day(s)]
at org.testng.Assert.fail(Assert.java:111)
at org.testng.Assert.failNotEquals(Assert.java:1578)
at org.testng.Assert.assertEqualsImpl(Assert.java:150)
at org.testng.Assert.assertEquals(Assert.java:132)
at org.testng.Assert.assertEquals(Assert.java:656)
at org.testng.Assert.assertEquals(Assert.java:666)
at stepDefinitions.BookHotelSteps.the_user_should_see_total_days_in_the_book_hotel_page_is_same_as_the_no_of_days_in_the_select_hotel_page(BookHotelSteps.java:219)
at ✽.the user should see total days in the Book hotel page is same as the no of days in the Select Hotel page(file:///C:/Users/srava/git/repository2/Adactin_CucumberFramework/src/test/java/features/BookHotel.feature:53)
]]>
    </failure>
  </testcase> <!-- runScenario -->
  <testcase classname="cucumberOptions.TestNGTestRunner" name="runScenario" time="19.434"/>
  <testcase classname="cucumberOptions.TestNGTestRunner" name="runScenario" time="7.083"/>
  <testcase classname="cucumberOptions.TestNGTestRunner" name="runScenario" time="9.170"/>
  <testcase classname="cucumberOptions.TestNGTestRunner" name="runScenario" time="18.099"/>
  <testcase classname="cucumberOptions.TestNGTestRunner" name="runScenario" time="27.693"/>
  <testcase classname="cucumberOptions.TestNGTestRunner" name="runScenario" time="25.773"/>
  <testcase classname="cucumberOptions.TestNGTestRunner" name="runScenario" time="11.306"/>
  <testcase classname="cucumberOptions.TestNGTestRunner" name="runScenario" time="18.767"/>
  <testcase classname="cucumberOptions.TestNGTestRunner" name="runScenario" time="27.881">
    <failure message="expected [null] but found [AUD $ 125]" type="java.lang.AssertionError">
      <![CDATA[java.lang.AssertionError: expected [null] but found [AUD $ 125]
at org.testng.Assert.fail(Assert.java:111)
at org.testng.Assert.failNotEquals(Assert.java:1578)
at org.testng.Assert.assertEqualsImpl(Assert.java:150)
at org.testng.Assert.assertEquals(Assert.java:132)
at org.testng.Assert.assertEquals(Assert.java:656)
at org.testng.Assert.assertEquals(Assert.java:666)
at stepDefinitions.BookingConfirmationSteps.the_user_should_see_price_per_night_in_the_booking_confirmation_page_is_same_as_the_price_per_night_in_the_book_hotel_page(BookingConfirmationSteps.java:94)
at ✽.the user should see price per night in the Booking Confirmation page is same as the price per night in the Book Hotel page(file:///C:/Users/srava/git/repository2/Adactin_CucumberFramework/src/test/java/features/BookingConfirmation.feature:57)
]]>
    </failure>
  </testcase> <!-- runScenario -->
  <testcase classname="cucumberOptions.TestNGTestRunner" name="runScenario" time="24.649">
    <error message="no such element: Unable to locate element: {&quot;method&quot;:&quot;xpath&quot;,&quot;selector&quot;:&quot;//*[@id=&#039;booking_form&#039;]/table/tbody/tr[1]/td&quot;}
  (Session info: chrome=131.0.6778.205)
For documentation on this error, please visit: https://www.selenium.dev/documentation/webdriver/troubleshooting/errors#no-such-element-exception
Build info: version: &#039;4.27.0&#039;, revision: &#039;d6e718d134&#039;
System info: os.name: &#039;Windows 11&#039;, os.arch: &#039;amd64&#039;, os.version: &#039;10.0&#039;, java.version: &#039;21.0.3&#039;
Driver info: org.openqa.selenium.chrome.ChromeDriver
Command: [e147e5f3143e306386cf7f417792a556, findElement {value=//*[@id=&#039;booking_form&#039;]/table/tbody/tr[1]/td, using=xpath}]
Capabilities {acceptInsecureCerts: false, browserName: chrome, browserVersion: 131.0.6778.205, chrome: {chromedriverVersion: 131.0.6778.69 (77e2244bbcda..., userDataDir: C:\Users\srava\AppData\Loca...}, fedcm:accounts: true, goog:chromeOptions: {debuggerAddress: localhost:60313}, networkConnectionEnabled: false, pageLoadStrategy: normal, platformName: windows, proxy: Proxy(), se:cdp: ws://localhost:60313/devtoo..., se:cdpVersion: 131.0.6778.205, setWindowRect: true, strictFileInteractability: false, timeouts: {implicit: 0, pageLoad: 300000, script: 30000}, unhandledPromptBehavior: dismiss and notify, webauthn:extension:credBlob: true, webauthn:extension:largeBlob: true, webauthn:extension:minPinLength: true, webauthn:extension:prf: true, webauthn:virtualAuthenticators: true}
Session ID: e147e5f3143e306386cf7f417792a556" type="org.openqa.selenium.NoSuchElementException">
      <![CDATA[org.openqa.selenium.NoSuchElementException: no such element: Unable to locate element: {"method":"xpath","selector":"//*[@id='booking_form']/table/tbody/tr[1]/td"}
  (Session info: chrome=131.0.6778.205)
For documentation on this error, please visit: https://www.selenium.dev/documentation/webdriver/troubleshooting/errors#no-such-element-exception
Build info: version: '4.27.0', revision: 'd6e718d134'
System info: os.name: 'Windows 11', os.arch: 'amd64', os.version: '10.0', java.version: '21.0.3'
Driver info: org.openqa.selenium.chrome.ChromeDriver
Command: [e147e5f3143e306386cf7f417792a556, findElement {value=//*[@id='booking_form']/table/tbody/tr[1]/td, using=xpath}]
Capabilities {acceptInsecureCerts: false, browserName: chrome, browserVersion: 131.0.6778.205, chrome: {chromedriverVersion: 131.0.6778.69 (77e2244bbcda..., userDataDir: C:\Users\srava\AppData\Loca...}, fedcm:accounts: true, goog:chromeOptions: {debuggerAddress: localhost:60313}, networkConnectionEnabled: false, pageLoadStrategy: normal, platformName: windows, proxy: Proxy(), se:cdp: ws://localhost:60313/devtoo..., se:cdpVersion: 131.0.6778.205, setWindowRect: true, strictFileInteractability: false, timeouts: {implicit: 0, pageLoad: 300000, script: 30000}, unhandledPromptBehavior: dismiss and notify, webauthn:extension:credBlob: true, webauthn:extension:largeBlob: true, webauthn:extension:minPinLength: true, webauthn:extension:prf: true, webauthn:virtualAuthenticators: true}
Session ID: e147e5f3143e306386cf7f417792a556
at java.base/jdk.internal.reflect.DirectConstructorHandleAccessor.newInstance(DirectConstructorHandleAccessor.java:62)
at java.base/java.lang.reflect.Constructor.newInstanceWithCaller(Constructor.java:502)
at java.base/java.lang.reflect.Constructor.newInstance(Constructor.java:486)
at org.openqa.selenium.remote.ErrorCodec.decode(ErrorCodec.java:167)
at org.openqa.selenium.remote.codec.w3c.W3CHttpResponseCodec.decode(W3CHttpResponseCodec.java:138)
at org.openqa.selenium.remote.codec.w3c.W3CHttpResponseCodec.decode(W3CHttpResponseCodec.java:50)
at org.openqa.selenium.remote.HttpCommandExecutor.execute(HttpCommandExecutor.java:190)
at org.openqa.selenium.remote.service.DriverCommandExecutor.invokeExecute(DriverCommandExecutor.java:216)
at org.openqa.selenium.remote.service.DriverCommandExecutor.execute(DriverCommandExecutor.java:174)
at org.openqa.selenium.remote.RemoteWebDriver.execute(RemoteWebDriver.java:545)
at org.openqa.selenium.remote.ElementLocation$ElementFinder$2.findElement(ElementLocation.java:165)
at org.openqa.selenium.remote.ElementLocation.findElement(ElementLocation.java:59)
at org.openqa.selenium.remote.RemoteWebDriver.findElement(RemoteWebDriver.java:368)
at org.openqa.selenium.remote.RemoteWebDriver.findElement(RemoteWebDriver.java:362)
at org.openqa.selenium.support.pagefactory.DefaultElementLocator.findElement(DefaultElementLocator.java:68)
at org.openqa.selenium.support.pagefactory.internal.LocatingElementHandler.invoke(LocatingElementHandler.java:38)
at jdk.proxy2/jdk.proxy2.$Proxy27.getText(Unknown Source)
at pageObjects.BookingConfirmationPage.getBookingText(BookingConfirmationPage.java:87)
at stepDefinitions.BookingConfirmationSteps.the_user_should_see_the_booking_confirmation_text_in_booking_confirmation_page(BookingConfirmationSteps.java:158)
at ✽.the user should see the Booking Confirmation text in booking confirmation page(file:///C:/Users/srava/git/repository2/Adactin_CucumberFramework/src/test/java/features/BookingConfirmation.feature:27)
]]>
    </error>
  </testcase> <!-- runScenario -->
  <testcase classname="cucumberOptions.TestNGTestRunner" name="runScenario" time="24.599"/>
  <testcase classname="cucumberOptions.TestNGTestRunner" name="runScenario" time="14.776"/>
  <testcase classname="cucumberOptions.TestNGTestRunner" name="runScenario" time="7.981"/>
  <testcase classname="cucumberOptions.TestNGTestRunner" name="runScenario" time="14.705"/>
  <testcase classname="cucumberOptions.TestNGTestRunner" name="runScenario" time="22.049"/>
  <testcase classname="cucumberOptions.TestNGTestRunner" name="runScenario" time="14.187"/>
  <testcase classname="cucumberOptions.TestNGTestRunner" name="runScenario" time="16.595"/>
  <testcase classname="cucumberOptions.TestNGTestRunner" name="runScenario" time="10.121"/>
  <testcase classname="cucumberOptions.TestNGTestRunner" name="runScenario" time="26.686"/>
  <testcase classname="cucumberOptions.TestNGTestRunner" name="runScenario" time="17.560"/>
  <testcase classname="cucumberOptions.TestNGTestRunner" name="runScenario" time="24.360"/>
  <testcase classname="cucumberOptions.TestNGTestRunner" name="runScenario" time="9.082"/>
  <testcase classname="cucumberOptions.TestNGTestRunner" name="runScenario" time="15.689"/>
  <testcase classname="cucumberOptions.TestNGTestRunner" name="runScenario" time="19.277"/>
  <testcase classname="cucumberOptions.TestNGTestRunner" name="runScenario" time="23.871"/>
  <testcase classname="cucumberOptions.TestNGTestRunner" name="runScenario" time="14.690"/>
  <testcase classname="cucumberOptions.TestNGTestRunner" name="runScenario" time="12.412"/>
</testsuite> <!-- cucumberOptions.TestNGTestRunner -->
