<?xml version="1.0" encoding="UTF-8"?>
<!-- Generated by org.testng.reporters.JUnitReportReporter -->
<testsuite hostname="LAPTOP-B3BO35C9" failures="3" tests="3" name="cucumberOptions.FailedTestRunner" time="53.230" errors="0" timestamp="2025-01-10T12:27:01 AEDT" skipped="0">
  <testcase classname="cucumberOptions.FailedTestRunner" name="runScenario" time="15.092">
    <failure message="expected [true] but found [false]" type="java.lang.AssertionError">
      <![CDATA[java.lang.AssertionError: expected [true] but found [false]
at org.testng.Assert.fail(Assert.java:111)
at org.testng.Assert.failNotEquals(Assert.java:1578)
at org.testng.Assert.assertTrue(Assert.java:57)
at org.testng.Assert.assertTrue(Assert.java:67)
at stepDefinitions.BookedItinerarySteps.all_checkboxes_should_be_selected(BookedItinerarySteps.java:197)
at ✽.all checkboxes should be selected(file:///C:/Users/srava/Documents/Eclipse%20Projects/Adactin_CucumberFramework/src/test/java/features/BookedItinerary.feature:89)
]]>
    </failure>
  </testcase> <!-- runScenario -->
  <testcase classname="cucumberOptions.FailedTestRunner" name="runScenario" time="23.151">
    <failure message="expected [null] but found [AUD $ 125]" type="java.lang.AssertionError">
      <![CDATA[java.lang.AssertionError: expected [null] but found [AUD $ 125]
at org.testng.Assert.fail(Assert.java:111)
at org.testng.Assert.failNotEquals(Assert.java:1578)
at org.testng.Assert.assertEqualsImpl(Assert.java:150)
at org.testng.Assert.assertEquals(Assert.java:132)
at org.testng.Assert.assertEquals(Assert.java:656)
at org.testng.Assert.assertEquals(Assert.java:666)
at stepDefinitions.BookingConfirmationSteps.the_user_should_see_price_per_night_in_the_booking_confirmation_page_is_same_as_the_price_per_night_in_the_book_hotel_page(BookingConfirmationSteps.java:94)
at ✽.the user should see price per night in the Booking Confirmation page is same as the price per night in the Book Hotel page(file:///C:/Users/srava/Documents/Eclipse%20Projects/Adactin_CucumberFramework/src/test/java/features/BookingConfirmation.feature:76)
]]>
    </failure>
  </testcase> <!-- runScenario -->
  <testcase classname="cucumberOptions.FailedTestRunner" name="runScenario" time="14.987">
    <failure message="expected [null] but found [4]" type="java.lang.AssertionError">
      <![CDATA[java.lang.AssertionError: expected [null] but found [4]
at org.testng.Assert.fail(Assert.java:111)
at org.testng.Assert.failNotEquals(Assert.java:1578)
at org.testng.Assert.assertEqualsImpl(Assert.java:150)
at org.testng.Assert.assertEquals(Assert.java:132)
at org.testng.Assert.assertEquals(Assert.java:656)
at org.testng.Assert.assertEquals(Assert.java:666)
at stepDefinitions.BookHotelSteps.the_user_should_see_total_days_in_the_book_hotel_page_is_same_as_the_no_of_days_in_the_select_hotel_page(BookHotelSteps.java:213)
at ✽.the user should see total days in the Book hotel page is same as the no of days in the Select Hotel page(file:///C:/Users/srava/Documents/Eclipse%20Projects/Adactin_CucumberFramework/src/test/java/features/BookHotel.feature:53)
]]>
    </failure>
  </testcase> <!-- runScenario -->
</testsuite> <!-- cucumberOptions.FailedTestRunner -->
